
ASEM-51 V1.3                                         Copyright (c) 2002 by W.W. Heinz                                         PAGE 1





       MCS-51 Family Macro Assembler   A S E M - 5 1   V 1.3
       =====================================================



	Source File:	E:\MicroprocessorAndMicrocontroller\lab\Microcontroller\Lab1\LED_BLINK.ASM
	Object File:	E:\MicroprocessorAndMicrocontroller\lab\Microcontroller\Lab1\LED_BLINK.hex
	List File:	E:\MicroprocessorAndMicrocontroller\lab\Microcontroller\Lab1\LED_BLINK.lst



 Line  I  Addr  Code            Source

    1:
    2:		N      0000		ORG	00H
    3:
    4:	  0000	75 81 5F		MOV	SP, #5FH
    5:	  0003	75 D0 00		MOV	PSW, #00H
    6:
    7:	  0006	D2 A0		AGAIN:	SETB	P2.0
    8:	  0008	12 00 12		LCALL	DELAY
    9:	  000B	C2 A0			CLR	P2.0
   10:	  000D	12 00 12		LCALL	DELAY
   11:	  0010	80 F4			SJMP	AGAIN
   12:
   13:	  0012	7A 0A		DELAY:	MOV	R2, #10
   14:	  0014	7B D2		L3:	MOV	R3, #210
   15:	  0016	7C C8		L2:	MOV	R4, #200
   16:	  0018	DC FE		L1:	DJNZ	R4, L1
   17:	  001A	DB FA			DJNZ	R3, L2
   18:	  001C	DA F6			DJNZ	R2, L3
   19:	  001E	22			RET
   20:
   21:					END





                     register banks used:  ---

                     no errors




ASEM-51 V1.3                                         Copyright (c) 2002 by W.W. Heinz                                         PAGE 2





	       L I S T   O F   S Y M B O L S
	       =============================


SYMBOL				  TYPE     VALUE	LINE
------------------------------------------------------------
??ASEM_51			  NUMBER    8051
??VERSION			  NUMBER    0130
AC				  BIT	      D6
ACC				  DATA	      E0
AGAIN				  CODE	    0006	   7
B				  DATA	      F0
CY				  BIT	      D7
DELAY				  CODE	    0012	  13
DPH				  DATA	      83
DPL				  DATA	      82
EA				  BIT	      AF
ES				  BIT	      AC
ET0				  BIT	      A9
ET1				  BIT	      AB
EX0				  BIT	      A8
EX1				  BIT	      AA
EXTI0				  CODE	    0003
EXTI1				  CODE	    0013
F0				  BIT	      D5
IE				  DATA	      A8
IE0				  BIT	      89
IE1				  BIT	      8B
INT0				  BIT	      B2
INT1				  BIT	      B3
IP				  DATA	      B8
IT0				  BIT	      88
IT1				  BIT	      8A
L1				  CODE	    0018	  16
L2				  CODE	    0016	  15
L3				  CODE	    0014	  14
OV				  BIT	      D2
P				  BIT	      D0
P0				  DATA	      80
P1				  DATA	      90
P2				  DATA	      A0
P3				  DATA	      B0
PCON				  DATA	      87
PS				  BIT	      BC
PSW				  DATA	      D0
PT0				  BIT	      B9
PT1				  BIT	      BB
PX0				  BIT	      B8
PX1				  BIT	      BA
RB8				  BIT	      9A
RD				  BIT	      B7
REN				  BIT	      9C
RESET				  CODE	    0000
RI				  BIT	      98
RS0				  BIT	      D3
RS1				  BIT	      D4

ASEM-51 V1.3                                         Copyright (c) 2002 by W.W. Heinz                                         PAGE 3



SYMBOL				  TYPE     VALUE	LINE
------------------------------------------------------------
RXD				  BIT	      B0
SBUF				  DATA	      99
SCON				  DATA	      98
SINT				  CODE	    0023
SM0				  BIT	      9F
SM1				  BIT	      9E
SM2				  BIT	      9D
SP				  DATA	      81
T0				  BIT	      B4
T1				  BIT	      B5
TB8				  BIT	      9B
TCON				  DATA	      88
TF0				  BIT	      8D
TF1				  BIT	      8F
TH0				  DATA	      8C
TH1				  DATA	      8D
TI				  BIT	      99
TIMER0				  CODE	    000B
TIMER1				  CODE	    001B
TL0				  DATA	      8A
TL1				  DATA	      8B
TMOD				  DATA	      89
TR0				  BIT	      8C
TR1				  BIT	      8E
TXD				  BIT	      B1
WR				  BIT	      B6
